<?xml version="1.0" encoding="UTF-8"?>
<testng-results ignored="0" total="1" passed="1" failed="0" skipped="0">
  <reporter-output>
  </reporter-output>
  <suite started-at="2025-01-29T16:43:50 IST" name="Suite" finished-at="2025-01-29T16:43:54 IST" duration-ms="3518">
    <groups>
    </groups>
    <test started-at="2025-01-29T16:43:50 IST" name="Test" finished-at="2025-01-29T16:43:54 IST" duration-ms="3518">
      <class name="demo1.PostTest">
        <test-method signature="test1()[pri:0, instance:demo1.PostTest@7ce3cb8e]" started-at="2025-01-29T16:43:50 IST" name="test1" finished-at="2025-01-29T16:43:54 IST" duration-ms="3467" status="PASS">
          <reporter-output>
          </reporter-output>
        </test-method> <!-- test1 -->
      </class> <!-- demo1.PostTest -->
    </test> <!-- Test -->
  </suite> <!-- Suite -->
</testng-results>
